[14/May/2013:12:19:35] ENGINE Listening for SIGHUP.
[14/May/2013:12:19:35] ENGINE Listening for SIGTERM.
[14/May/2013:12:19:35] ENGINE Listening for SIGUSR1.
[14/May/2013:12:19:35] ENGINE Bus STARTING
[14/May/2013:12:19:35] ENGINE Started monitor thread 'Autoreloader'.
[14/May/2013:12:19:35] ENGINE Started monitor thread '_TimeoutMonitor'.
[14/May/2013:12:19:35] ENGINE Serving on 0.0.0.0:8080
[14/May/2013:12:19:35] ENGINE Bus STARTED
[14/May/2013:12:20:35] ENGINE Restarting because cherrypy.conf changed.
[14/May/2013:12:20:35] ENGINE Stopped thread 'Autoreloader'.
[14/May/2013:12:20:35] ENGINE Bus STOPPING
[14/May/2013:12:20:35] ENGINE HTTP Server cherrypy._cpwsgi_server.CPWSGIServer(('0.0.0.0', 8080)) shut down
[14/May/2013:12:20:35] ENGINE Stopped thread '_TimeoutMonitor'.
[14/May/2013:12:20:35] ENGINE Bus STOPPED
[14/May/2013:12:20:35] ENGINE Bus EXITING
[14/May/2013:12:20:35] ENGINE Bus EXITED
[14/May/2013:12:20:35] ENGINE Waiting for child threads to terminate...
[14/May/2013:12:20:35] ENGINE Re-spawning hello.py
[14/May/2013:12:20:35] ENGINE Listening for SIGHUP.
[14/May/2013:12:20:35] ENGINE Listening for SIGTERM.
[14/May/2013:12:20:35] ENGINE Listening for SIGUSR1.
[14/May/2013:12:20:35] ENGINE Bus STARTING
[14/May/2013:12:20:35] ENGINE Started monitor thread 'Autoreloader'.
[14/May/2013:12:20:35] ENGINE Started monitor thread '_TimeoutMonitor'.
[14/May/2013:12:20:35] ENGINE Serving on 0.0.0.0:8080
[14/May/2013:12:20:35] ENGINE Bus STARTED
[14/May/2013:12:20:58] ENGINE Restarting because cherrypy.conf changed.
[14/May/2013:12:20:58] ENGINE Stopped thread 'Autoreloader'.
[14/May/2013:12:20:58] ENGINE Bus STOPPING
[14/May/2013:12:20:58] ENGINE HTTP Server cherrypy._cpwsgi_server.CPWSGIServer(('0.0.0.0', 8080)) shut down
[14/May/2013:12:20:58] ENGINE Stopped thread '_TimeoutMonitor'.
[14/May/2013:12:20:58] ENGINE Bus STOPPED
[14/May/2013:12:20:58] ENGINE Bus EXITING
[14/May/2013:12:20:58] ENGINE Bus EXITED
[14/May/2013:12:20:58] ENGINE Waiting for child threads to terminate...
[14/May/2013:12:20:58] ENGINE Re-spawning hello.py
[14/May/2013:12:20:59] ENGINE Listening for SIGHUP.
[14/May/2013:12:20:59] ENGINE Listening for SIGTERM.
[14/May/2013:12:20:59] ENGINE Listening for SIGUSR1.
[14/May/2013:12:20:59] ENGINE Bus STARTING
[14/May/2013:12:20:59] ENGINE Started monitor thread 'Autoreloader'.
[14/May/2013:12:20:59] ENGINE Started monitor thread '_TimeoutMonitor'.
[14/May/2013:12:20:59] ENGINE Error in HTTP server: shutting down
Traceback (most recent call last):
  File "/usr/local/lib/python2.7/dist-packages/cherrypy/process/servers.py", line 187, in _start_http_thread
    self.httpserver.start()
  File "/usr/local/lib/python2.7/dist-packages/cherrypy/wsgiserver/wsgiserver2.py", line 1824, in start
    raise socket.error(msg)
error: No socket could be created

[14/May/2013:12:20:59] ENGINE Bus STOPPING
[14/May/2013:12:20:59] ENGINE Error in 'start' listener <bound method Server.start of <cherrypy._cpserver.Server object at 0x1475b90>>
Traceback (most recent call last):
  File "/usr/local/lib/python2.7/dist-packages/cherrypy/process/wspbus.py", line 197, in publish
    output.append(listener(*args, **kwargs))
  File "/usr/local/lib/python2.7/dist-packages/cherrypy/_cpserver.py", line 151, in start
    ServerAdapter.start(self)
  File "/usr/local/lib/python2.7/dist-packages/cherrypy/process/servers.py", line 174, in start
    self.wait()
  File "/usr/local/lib/python2.7/dist-packages/cherrypy/process/servers.py", line 208, in wait
    raise self.interrupt
error: No socket could be created

[14/May/2013:12:20:59] ENGINE Shutting down due to error in start listener:
Traceback (most recent call last):
  File "/usr/local/lib/python2.7/dist-packages/cherrypy/process/wspbus.py", line 235, in start
    self.publish('start')
  File "/usr/local/lib/python2.7/dist-packages/cherrypy/process/wspbus.py", line 215, in publish
    raise exc
ChannelFailures: error('No socket could be created',)

[14/May/2013:12:20:59] ENGINE Bus STOPPING
[14/May/2013:12:20:59] ENGINE HTTP Server cherrypy._cpwsgi_server.CPWSGIServer(('0.0.0.0', 80)) already shut down
[14/May/2013:12:20:59] ENGINE Stopped thread 'Autoreloader'.
[14/May/2013:12:20:59] ENGINE Stopped thread '_TimeoutMonitor'.
[14/May/2013:12:20:59] ENGINE Bus STOPPED
[14/May/2013:12:20:59] ENGINE HTTP Server cherrypy._cpwsgi_server.CPWSGIServer(('0.0.0.0', 80)) already shut down
[14/May/2013:12:20:59] ENGINE Bus EXITING
[14/May/2013:12:20:59] ENGINE Bus EXITED
[14/May/2013:12:20:59] ENGINE No thread running for None.
[14/May/2013:12:20:59] ENGINE No thread running for None.
[14/May/2013:12:20:59] ENGINE Bus STOPPED
[14/May/2013:12:20:59] ENGINE Bus EXITING
[14/May/2013:12:20:59] ENGINE Bus EXITED
[14/May/2013:12:21:10] ENGINE Listening for SIGHUP.
[14/May/2013:12:21:10] ENGINE Listening for SIGTERM.
[14/May/2013:12:21:10] ENGINE Listening for SIGUSR1.
[14/May/2013:12:21:10] ENGINE Bus STARTING
[14/May/2013:12:21:10] ENGINE Started monitor thread 'Autoreloader'.
[14/May/2013:12:21:10] ENGINE Started monitor thread '_TimeoutMonitor'.
[14/May/2013:12:21:10] ENGINE Serving on 0.0.0.0:80
[14/May/2013:12:21:10] ENGINE Bus STARTED
[14/May/2013:12:28:06] ENGINE Listening for SIGHUP.
[14/May/2013:12:28:06] ENGINE Listening for SIGTERM.
[14/May/2013:12:28:06] ENGINE Listening for SIGUSR1.
[14/May/2013:12:28:06] ENGINE Bus STARTING
[14/May/2013:12:28:06] ENGINE Started monitor thread 'Autoreloader'.
[14/May/2013:12:28:06] ENGINE Started monitor thread '_TimeoutMonitor'.
[14/May/2013:12:28:07] ENGINE Error in HTTP server: shutting down
Traceback (most recent call last):
  File "/usr/local/lib/python2.7/dist-packages/cherrypy/process/servers.py", line 187, in _start_http_thread
    self.httpserver.start()
  File "/usr/local/lib/python2.7/dist-packages/cherrypy/wsgiserver/wsgiserver2.py", line 1824, in start
    raise socket.error(msg)
error: No socket could be created

[14/May/2013:12:28:07] ENGINE Bus STOPPING
[14/May/2013:12:28:07] ENGINE HTTP Server cherrypy._cpwsgi_server.CPWSGIServer(('0.0.0.0', 80)) already shut down
[14/May/2013:12:28:07] ENGINE Stopped thread 'Autoreloader'.
[14/May/2013:12:28:07] ENGINE Stopped thread '_TimeoutMonitor'.
[14/May/2013:12:28:07] ENGINE Bus STOPPED
[14/May/2013:12:28:07] ENGINE Bus EXITING
[14/May/2013:12:28:07] ENGINE Bus EXITED
[14/May/2013:12:28:13] ENGINE Listening for SIGHUP.
[14/May/2013:12:28:13] ENGINE Listening for SIGTERM.
[14/May/2013:12:28:13] ENGINE Listening for SIGUSR1.
[14/May/2013:12:28:13] ENGINE Bus STARTING
[14/May/2013:12:28:13] ENGINE Started monitor thread 'Autoreloader'.
[14/May/2013:12:28:13] ENGINE Started monitor thread '_TimeoutMonitor'.
[14/May/2013:12:28:13] ENGINE Serving on 0.0.0.0:80
[14/May/2013:12:28:13] ENGINE Bus STARTED
[14/May/2013:12:30:35] ENGINE Restarting because cherrypy.conf changed.
[14/May/2013:12:30:35] ENGINE Stopped thread 'Autoreloader'.
[14/May/2013:12:30:35] ENGINE Bus STOPPING
[14/May/2013:12:30:35] ENGINE HTTP Server cherrypy._cpwsgi_server.CPWSGIServer(('0.0.0.0', 80)) shut down
[14/May/2013:12:30:35] ENGINE Stopped thread '_TimeoutMonitor'.
[14/May/2013:12:30:35] ENGINE Bus STOPPED
[14/May/2013:12:30:35] ENGINE Bus EXITING
[14/May/2013:12:30:35] ENGINE Bus EXITED
[14/May/2013:12:30:35] ENGINE Waiting for child threads to terminate...
[14/May/2013:12:30:35] ENGINE Re-spawning hello.py
[14/May/2013:12:30:35] ENGINE Listening for SIGHUP.
[14/May/2013:12:30:35] ENGINE Listening for SIGTERM.
[14/May/2013:12:30:35] ENGINE Listening for SIGUSR1.
[14/May/2013:12:30:35] ENGINE Bus STARTING
[14/May/2013:12:30:35] ENGINE Started monitor thread 'Autoreloader'.
[14/May/2013:12:30:35] ENGINE Started monitor thread '_TimeoutMonitor'.
[14/May/2013:12:30:35] ENGINE Serving on 0.0.0.0:80
[14/May/2013:12:30:35] ENGINE Bus STARTED
[14/May/2013:12:30:45] ENGINE Restarting because cherrypy.conf changed.
[14/May/2013:12:30:45] ENGINE Stopped thread 'Autoreloader'.
[14/May/2013:12:30:45] ENGINE Bus STOPPING
[14/May/2013:12:30:50] ENGINE HTTP Server cherrypy._cpwsgi_server.CPWSGIServer(('0.0.0.0', 80)) shut down
[14/May/2013:12:30:50] ENGINE Stopped thread '_TimeoutMonitor'.
[14/May/2013:12:30:50] ENGINE Bus STOPPED
[14/May/2013:12:30:50] ENGINE Bus EXITING
[14/May/2013:12:30:50] ENGINE Bus EXITED
[14/May/2013:12:30:50] ENGINE Waiting for child threads to terminate...
[14/May/2013:12:30:50] ENGINE Re-spawning hello.py
[14/May/2013:12:30:51] ENGINE Listening for SIGHUP.
[14/May/2013:12:30:51] ENGINE Listening for SIGTERM.
[14/May/2013:12:30:51] ENGINE Listening for SIGUSR1.
[14/May/2013:12:30:51] ENGINE Bus STARTING
[14/May/2013:12:30:51] ENGINE Started monitor thread 'Autoreloader'.
[14/May/2013:12:30:51] ENGINE Started monitor thread '_TimeoutMonitor'.
[14/May/2013:12:30:51] ENGINE Serving on 0.0.0.0:80
[14/May/2013:12:30:51] ENGINE Bus STARTED
[14/May/2013:12:31:28] ENGINE Restarting because cherrypy.conf changed.
[14/May/2013:12:31:28] ENGINE Stopped thread 'Autoreloader'.
[14/May/2013:12:31:28] ENGINE Bus STOPPING
[14/May/2013:12:31:28] ENGINE HTTP Server cherrypy._cpwsgi_server.CPWSGIServer(('0.0.0.0', 80)) shut down
[14/May/2013:12:31:28] ENGINE Stopped thread '_TimeoutMonitor'.
[14/May/2013:12:31:28] ENGINE Bus STOPPED
[14/May/2013:12:31:28] ENGINE Bus EXITING
[14/May/2013:12:31:28] ENGINE Bus EXITED
[14/May/2013:12:31:28] ENGINE Waiting for child threads to terminate...
[14/May/2013:12:31:28] ENGINE Re-spawning hello.py
[14/May/2013:12:31:28] ENGINE Listening for SIGHUP.
[14/May/2013:12:31:28] ENGINE Listening for SIGTERM.
[14/May/2013:12:31:28] ENGINE Listening for SIGUSR1.
[14/May/2013:12:31:28] ENGINE Bus STARTING
[14/May/2013:12:31:28] ENGINE Started monitor thread 'Autoreloader'.
[14/May/2013:12:31:28] ENGINE Started monitor thread '_TimeoutMonitor'.
[14/May/2013:12:31:29] ENGINE Serving on 0.0.0.0:80
[14/May/2013:12:31:29] ENGINE Bus STARTED
[14/May/2013:12:31:31] ENGINE Restarting because cherrypy.conf changed.
[14/May/2013:12:31:31] ENGINE Stopped thread 'Autoreloader'.
[14/May/2013:12:31:31] ENGINE Bus STOPPING
[14/May/2013:12:31:31] ENGINE HTTP Server cherrypy._cpwsgi_server.CPWSGIServer(('0.0.0.0', 80)) shut down
[14/May/2013:12:31:31] ENGINE Stopped thread '_TimeoutMonitor'.
[14/May/2013:12:31:31] ENGINE Bus STOPPED
[14/May/2013:12:31:31] ENGINE Bus EXITING
[14/May/2013:12:31:31] ENGINE Bus EXITED
[14/May/2013:12:31:32] ENGINE Waiting for child threads to terminate...
[14/May/2013:12:31:32] ENGINE Re-spawning hello.py
[14/May/2013:12:31:32] ENGINE Listening for SIGHUP.
[14/May/2013:12:31:32] ENGINE Listening for SIGTERM.
[14/May/2013:12:31:32] ENGINE Listening for SIGUSR1.
[14/May/2013:12:31:32] ENGINE Bus STARTING
[14/May/2013:12:31:32] ENGINE Started monitor thread 'Autoreloader'.
[14/May/2013:12:31:32] ENGINE Started monitor thread '_TimeoutMonitor'.
[14/May/2013:12:31:32] ENGINE Serving on 0.0.0.0:80
[14/May/2013:12:31:32] ENGINE Bus STARTED
[14/May/2013:12:32:29] ENGINE Restarting because cherrypy.conf changed.
[14/May/2013:12:32:29] ENGINE Stopped thread 'Autoreloader'.
[14/May/2013:12:32:30] ENGINE Bus STOPPING
[14/May/2013:12:32:30] ENGINE HTTP Server cherrypy._cpwsgi_server.CPWSGIServer(('0.0.0.0', 80)) shut down
[14/May/2013:12:32:30] ENGINE Stopped thread '_TimeoutMonitor'.
[14/May/2013:12:32:30] ENGINE Bus STOPPED
[14/May/2013:12:32:30] ENGINE Bus EXITING
[14/May/2013:12:32:30] ENGINE Bus EXITED
[14/May/2013:12:32:30] ENGINE Waiting for child threads to terminate...
[14/May/2013:12:32:30] ENGINE Re-spawning hello.py
[14/May/2013:12:32:30] ENGINE Listening for SIGHUP.
[14/May/2013:12:32:30] ENGINE Listening for SIGTERM.
[14/May/2013:12:32:30] ENGINE Listening for SIGUSR1.
[14/May/2013:12:32:30] ENGINE Bus STARTING
[14/May/2013:12:32:30] ENGINE Started monitor thread 'Autoreloader'.
[14/May/2013:12:32:30] ENGINE Started monitor thread '_TimeoutMonitor'.
[14/May/2013:12:32:30] ENGINE Serving on 0.0.0.0:80
[14/May/2013:12:32:30] ENGINE Bus STARTED
[14/May/2013:12:36:31] ENGINE Restarting because cherrypy.conf changed.
[14/May/2013:12:36:31] ENGINE Stopped thread 'Autoreloader'.
[14/May/2013:12:36:31] ENGINE Bus STOPPING
[14/May/2013:12:36:31] ENGINE HTTP Server cherrypy._cpwsgi_server.CPWSGIServer(('0.0.0.0', 80)) shut down
[14/May/2013:12:36:31] ENGINE Stopped thread '_TimeoutMonitor'.
[14/May/2013:12:36:31] ENGINE Bus STOPPED
[14/May/2013:12:36:31] ENGINE Bus EXITING
[14/May/2013:12:36:31] ENGINE Bus EXITED
[14/May/2013:12:36:31] ENGINE Waiting for child threads to terminate...
[14/May/2013:12:36:31] ENGINE Re-spawning hello.py
[14/May/2013:12:36:32] ENGINE Listening for SIGHUP.
[14/May/2013:12:36:32] ENGINE Listening for SIGTERM.
[14/May/2013:12:36:32] ENGINE Listening for SIGUSR1.
[14/May/2013:12:36:32] ENGINE Bus STARTING
[14/May/2013:12:36:32] ENGINE Started monitor thread 'Autoreloader'.
[14/May/2013:12:36:32] ENGINE Started monitor thread '_TimeoutMonitor'.
[14/May/2013:12:36:32] ENGINE Serving on 0.0.0.0:80
[14/May/2013:12:36:32] ENGINE Bus STARTED
[14/May/2013:12:39:45] ENGINE Restarting because cherrypy.conf changed.
[14/May/2013:12:39:45] ENGINE Stopped thread 'Autoreloader'.
[14/May/2013:12:39:45] ENGINE Bus STOPPING
[14/May/2013:12:39:45] ENGINE HTTP Server cherrypy._cpwsgi_server.CPWSGIServer(('0.0.0.0', 80)) shut down
[14/May/2013:12:39:45] ENGINE Stopped thread '_TimeoutMonitor'.
[14/May/2013:12:39:45] ENGINE Bus STOPPED
[14/May/2013:12:39:45] ENGINE Bus EXITING
[14/May/2013:12:39:45] ENGINE Waiting for child threads to terminate...
[14/May/2013:12:39:45] ENGINE Re-spawning hello.py
[14/May/2013:12:39:45] ENGINE Bus EXITED
[14/May/2013:12:39:45] ENGINE Listening for SIGHUP.
[14/May/2013:12:39:45] ENGINE Listening for SIGTERM.
[14/May/2013:12:39:45] ENGINE Listening for SIGUSR1.
[14/May/2013:12:39:45] ENGINE Bus STARTING
[14/May/2013:12:39:45] ENGINE Started monitor thread 'Autoreloader'.
[14/May/2013:12:39:45] ENGINE Started monitor thread '_TimeoutMonitor'.
[14/May/2013:12:39:45] ENGINE Serving on 0.0.0.0:80
[14/May/2013:12:39:45] ENGINE Bus STARTED
[14/May/2013:12:40:08]  Traceback (most recent call last):
  File "/usr/local/lib/python2.7/dist-packages/cherrypy/_cprequest.py", line 102, in run
    hook()
  File "/usr/local/lib/python2.7/dist-packages/cherrypy/_cprequest.py", line 62, in __call__
    return self.callback(**self.kwargs)
  File "/usr/local/lib/python2.7/dist-packages/cherrypy/_cptools.py", line 176, in _wrapper
    if self.callable(**kwargs):
  File "/usr/local/lib/python2.7/dist-packages/cherrypy/lib/static.py", line 296, in staticdir
    raise ValueError(msg)
ValueError: Static dir requires an absolute dir (or root).

[14/May/2013:12:40:08] HTTP Traceback (most recent call last):
  File "/usr/local/lib/python2.7/dist-packages/cherrypy/_cprequest.py", line 653, in respond
    self.hooks.run('before_handler')
  File "/usr/local/lib/python2.7/dist-packages/cherrypy/_cprequest.py", line 112, in run
    raise exc
ValueError: Static dir requires an absolute dir (or root).

[14/May/2013:12:40:08] HTTP 
Request Headers:
  HOST: 192.168.50.118
  CONNECTION: keep-alive
  CACHE-CONTROL: max-age=0
  Remote-Addr: 192.168.50.118
  ACCEPT: text/html,application/xhtml+xml,application/xml;q=0.9,*/*;q=0.8
  ACCEPT-CHARSET: ISO-8859-1,utf-8;q=0.7,*;q=0.3
  USER-AGENT: Mozilla/5.0 (X11; Linux x86_64) AppleWebKit/537.4 (KHTML, like Gecko) Ubuntu/12.10 Chromium/22.0.1229.94 Chrome/22.0.1229.94 Safari/537.4
  ACCEPT-LANGUAGE: en-GB,en-US;q=0.8,en;q=0.6
  ACCEPT-ENCODING: gzip,deflate,sdch
[14/May/2013:13:01:36] ENGINE Restarting because cherrypy.conf changed.
[14/May/2013:13:01:36] ENGINE Stopped thread 'Autoreloader'.
[14/May/2013:13:01:36] ENGINE Bus STOPPING
[14/May/2013:13:01:36] ENGINE HTTP Server cherrypy._cpwsgi_server.CPWSGIServer(('0.0.0.0', 80)) shut down
[14/May/2013:13:01:36] ENGINE Stopped thread '_TimeoutMonitor'.
[14/May/2013:13:01:36] ENGINE Bus STOPPED
[14/May/2013:13:01:36] ENGINE Bus EXITING
[14/May/2013:13:01:36] ENGINE Bus EXITED
[14/May/2013:13:01:36] ENGINE Waiting for child threads to terminate...
[14/May/2013:13:01:36] ENGINE Re-spawning hello.py
[14/May/2013:13:01:37] ENGINE Listening for SIGHUP.
[14/May/2013:13:01:37] ENGINE Listening for SIGTERM.
[14/May/2013:13:01:37] ENGINE Listening for SIGUSR1.
[14/May/2013:13:01:37] ENGINE Bus STARTING
[14/May/2013:13:01:37] ENGINE Started monitor thread 'Autoreloader'.
[14/May/2013:13:01:37] ENGINE Started monitor thread '_TimeoutMonitor'.
[14/May/2013:13:01:37] ENGINE Serving on 0.0.0.0:80
[14/May/2013:13:01:37] ENGINE Bus STARTED
[14/May/2013:13:01:44]  Traceback (most recent call last):
  File "/usr/local/lib/python2.7/dist-packages/cherrypy/_cprequest.py", line 102, in run
    hook()
  File "/usr/local/lib/python2.7/dist-packages/cherrypy/_cprequest.py", line 62, in __call__
    return self.callback(**self.kwargs)
  File "/usr/local/lib/python2.7/dist-packages/cherrypy/_cptools.py", line 176, in _wrapper
    if self.callable(**kwargs):
  File "/usr/local/lib/python2.7/dist-packages/cherrypy/lib/static.py", line 319, in staticdir
    handled = _attempt(filename, content_types)
  File "/usr/local/lib/python2.7/dist-packages/cherrypy/lib/static.py", line 246, in _attempt
    serve_file(filename, content_type=content_type, debug=debug)
  File "/usr/local/lib/python2.7/dist-packages/cherrypy/lib/static.py", line 47, in serve_file
    raise ValueError(msg)
ValueError: 'static/static/favicon.ico' is not an absolute path.

[14/May/2013:13:01:44] HTTP Traceback (most recent call last):
  File "/usr/local/lib/python2.7/dist-packages/cherrypy/_cprequest.py", line 653, in respond
    self.hooks.run('before_handler')
  File "/usr/local/lib/python2.7/dist-packages/cherrypy/_cprequest.py", line 112, in run
    raise exc
ValueError: 'static/static/favicon.ico' is not an absolute path.

[14/May/2013:13:01:44] HTTP 
Request Headers:
  HOST: 192.168.50.118
  CONNECTION: keep-alive
  CACHE-CONTROL: max-age=0
  Remote-Addr: 192.168.50.118
  ACCEPT: text/html,application/xhtml+xml,application/xml;q=0.9,*/*;q=0.8
  ACCEPT-CHARSET: ISO-8859-1,utf-8;q=0.7,*;q=0.3
  USER-AGENT: Mozilla/5.0 (X11; Linux x86_64) AppleWebKit/537.4 (KHTML, like Gecko) Ubuntu/12.10 Chromium/22.0.1229.94 Chrome/22.0.1229.94 Safari/537.4
  ACCEPT-LANGUAGE: en-GB,en-US;q=0.8,en;q=0.6
  ACCEPT-ENCODING: gzip,deflate,sdch
[14/May/2013:13:02:41] ENGINE Restarting because cherrypy.conf changed.
[14/May/2013:13:02:41] ENGINE Stopped thread 'Autoreloader'.
[14/May/2013:13:02:41] ENGINE Bus STOPPING
[14/May/2013:13:02:41] ENGINE HTTP Server cherrypy._cpwsgi_server.CPWSGIServer(('0.0.0.0', 80)) shut down
[14/May/2013:13:02:41] ENGINE Stopped thread '_TimeoutMonitor'.
[14/May/2013:13:02:41] ENGINE Bus STOPPED
[14/May/2013:13:02:41] ENGINE Bus EXITING
[14/May/2013:13:02:41] ENGINE Bus EXITED
[14/May/2013:13:02:41] ENGINE Waiting for child threads to terminate...
[14/May/2013:13:02:41] ENGINE Re-spawning hello.py
[14/May/2013:13:02:42] ENGINE Listening for SIGHUP.
[14/May/2013:13:02:42] ENGINE Listening for SIGTERM.
[14/May/2013:13:02:42] ENGINE Listening for SIGUSR1.
[14/May/2013:13:02:42] ENGINE Bus STARTING
[14/May/2013:13:02:42] ENGINE Started monitor thread 'Autoreloader'.
[14/May/2013:13:02:42] ENGINE Started monitor thread '_TimeoutMonitor'.
[14/May/2013:13:02:42] ENGINE Serving on 0.0.0.0:80
[14/May/2013:13:02:42] ENGINE Bus STARTED
[14/May/2013:13:02:46]  Traceback (most recent call last):
  File "/usr/local/lib/python2.7/dist-packages/cherrypy/_cprequest.py", line 102, in run
    hook()
  File "/usr/local/lib/python2.7/dist-packages/cherrypy/_cprequest.py", line 62, in __call__
    return self.callback(**self.kwargs)
  File "/usr/local/lib/python2.7/dist-packages/cherrypy/_cptools.py", line 176, in _wrapper
    if self.callable(**kwargs):
  File "/usr/local/lib/python2.7/dist-packages/cherrypy/lib/static.py", line 296, in staticdir
    raise ValueError(msg)
ValueError: Static dir requires an absolute dir (or root).

[14/May/2013:13:02:46] HTTP Traceback (most recent call last):
  File "/usr/local/lib/python2.7/dist-packages/cherrypy/_cprequest.py", line 653, in respond
    self.hooks.run('before_handler')
  File "/usr/local/lib/python2.7/dist-packages/cherrypy/_cprequest.py", line 112, in run
    raise exc
ValueError: Static dir requires an absolute dir (or root).

[14/May/2013:13:02:46] HTTP 
Request Headers:
  HOST: 192.168.50.118
  CONNECTION: keep-alive
  CACHE-CONTROL: max-age=0
  Remote-Addr: 192.168.50.118
  ACCEPT: text/html,application/xhtml+xml,application/xml;q=0.9,*/*;q=0.8
  ACCEPT-CHARSET: ISO-8859-1,utf-8;q=0.7,*;q=0.3
  USER-AGENT: Mozilla/5.0 (X11; Linux x86_64) AppleWebKit/537.4 (KHTML, like Gecko) Ubuntu/12.10 Chromium/22.0.1229.94 Chrome/22.0.1229.94 Safari/537.4
  ACCEPT-LANGUAGE: en-GB,en-US;q=0.8,en;q=0.6
  ACCEPT-ENCODING: gzip,deflate,sdch
[14/May/2013:13:02:53] ENGINE Restarting because cherrypy.conf changed.
[14/May/2013:13:02:53] ENGINE Stopped thread 'Autoreloader'.
[14/May/2013:13:02:53] ENGINE Bus STOPPING
[14/May/2013:13:02:54]  Traceback (most recent call last):
  File "/usr/local/lib/python2.7/dist-packages/cherrypy/_cprequest.py", line 102, in run
    hook()
  File "/usr/local/lib/python2.7/dist-packages/cherrypy/_cprequest.py", line 62, in __call__
    return self.callback(**self.kwargs)
  File "/usr/local/lib/python2.7/dist-packages/cherrypy/_cptools.py", line 176, in _wrapper
    if self.callable(**kwargs):
  File "/usr/local/lib/python2.7/dist-packages/cherrypy/lib/static.py", line 296, in staticdir
    raise ValueError(msg)
ValueError: Static dir requires an absolute dir (or root).

[14/May/2013:13:02:54] HTTP Traceback (most recent call last):
  File "/usr/local/lib/python2.7/dist-packages/cherrypy/_cprequest.py", line 653, in respond
    self.hooks.run('before_handler')
  File "/usr/local/lib/python2.7/dist-packages/cherrypy/_cprequest.py", line 112, in run
    raise exc
ValueError: Static dir requires an absolute dir (or root).

[14/May/2013:13:02:54] HTTP 
Request Headers:
  HOST: 192.168.50.118
  CONNECTION: keep-alive
  CACHE-CONTROL: max-age=0
  Remote-Addr: 192.168.50.118
  ACCEPT: text/html,application/xhtml+xml,application/xml;q=0.9,*/*;q=0.8
  ACCEPT-CHARSET: ISO-8859-1,utf-8;q=0.7,*;q=0.3
  USER-AGENT: Mozilla/5.0 (X11; Linux x86_64) AppleWebKit/537.4 (KHTML, like Gecko) Ubuntu/12.10 Chromium/22.0.1229.94 Chrome/22.0.1229.94 Safari/537.4
  ACCEPT-LANGUAGE: en-GB,en-US;q=0.8,en;q=0.6
  ACCEPT-ENCODING: gzip,deflate,sdch
[14/May/2013:13:02:58] ENGINE HTTP Server cherrypy._cpwsgi_server.CPWSGIServer(('0.0.0.0', 80)) shut down
[14/May/2013:13:02:58] ENGINE Stopped thread '_TimeoutMonitor'.
[14/May/2013:13:02:58] ENGINE Bus STOPPED
[14/May/2013:13:02:58] ENGINE Bus EXITING
[14/May/2013:13:02:58] ENGINE Bus EXITED
[14/May/2013:13:02:58] ENGINE Waiting for child threads to terminate...
[14/May/2013:13:02:58] ENGINE Re-spawning hello.py
[14/May/2013:13:02:58] ENGINE Listening for SIGHUP.
[14/May/2013:13:02:58] ENGINE Listening for SIGTERM.
[14/May/2013:13:02:58] ENGINE Listening for SIGUSR1.
[14/May/2013:13:02:58] ENGINE Bus STARTING
[14/May/2013:13:02:58] ENGINE Started monitor thread 'Autoreloader'.
[14/May/2013:13:02:58] ENGINE Started monitor thread '_TimeoutMonitor'.
[14/May/2013:13:02:58] ENGINE Serving on 0.0.0.0:80
[14/May/2013:13:02:58] ENGINE Bus STARTED
[14/May/2013:13:03:19] ENGINE Restarting because cherrypy.conf changed.
[14/May/2013:13:03:19] ENGINE Stopped thread 'Autoreloader'.
[14/May/2013:13:03:19] ENGINE Bus STOPPING
[14/May/2013:13:03:19] ENGINE HTTP Server cherrypy._cpwsgi_server.CPWSGIServer(('0.0.0.0', 80)) shut down
[14/May/2013:13:03:19] ENGINE Stopped thread '_TimeoutMonitor'.
[14/May/2013:13:03:19] ENGINE Bus STOPPED
[14/May/2013:13:03:19] ENGINE Bus EXITING
[14/May/2013:13:03:19] ENGINE Bus EXITED
[14/May/2013:13:03:19] ENGINE Waiting for child threads to terminate...
[14/May/2013:13:03:19] ENGINE Re-spawning hello.py
[14/May/2013:13:03:19] ENGINE Listening for SIGHUP.
[14/May/2013:13:03:19] ENGINE Listening for SIGTERM.
[14/May/2013:13:03:19] ENGINE Listening for SIGUSR1.
[14/May/2013:13:03:19] ENGINE Bus STARTING
[14/May/2013:13:03:19] ENGINE Started monitor thread 'Autoreloader'.
[14/May/2013:13:03:19] ENGINE Started monitor thread '_TimeoutMonitor'.
[14/May/2013:13:03:19] ENGINE Serving on 0.0.0.0:80
[14/May/2013:13:03:19] ENGINE Bus STARTED
[14/May/2013:13:03:50] ENGINE Restarting because cherrypy.conf changed.
[14/May/2013:13:03:50] ENGINE Stopped thread 'Autoreloader'.
[14/May/2013:13:03:50] ENGINE Bus STOPPING
[14/May/2013:13:03:50] ENGINE HTTP Server cherrypy._cpwsgi_server.CPWSGIServer(('0.0.0.0', 80)) shut down
[14/May/2013:13:03:50] ENGINE Stopped thread '_TimeoutMonitor'.
[14/May/2013:13:03:50] ENGINE Bus STOPPED
[14/May/2013:13:03:50] ENGINE Bus EXITING
[14/May/2013:13:03:50] ENGINE Bus EXITED
[14/May/2013:13:03:50] ENGINE Waiting for child threads to terminate...
[14/May/2013:13:03:50] ENGINE Re-spawning hello.py
[14/May/2013:13:03:51] ENGINE Listening for SIGHUP.
[14/May/2013:13:03:51] ENGINE Listening for SIGTERM.
[14/May/2013:13:03:51] ENGINE Listening for SIGUSR1.
[14/May/2013:13:03:51] ENGINE Bus STARTING
[14/May/2013:13:03:51] ENGINE Started monitor thread 'Autoreloader'.
[14/May/2013:13:03:51] ENGINE Started monitor thread '_TimeoutMonitor'.
[14/May/2013:13:03:51] ENGINE Serving on 0.0.0.0:80
[14/May/2013:13:03:51] ENGINE Bus STARTED
[14/May/2013:13:03:51]  Traceback (most recent call last):
  File "/usr/local/lib/python2.7/dist-packages/cherrypy/_cprequest.py", line 102, in run
    hook()
  File "/usr/local/lib/python2.7/dist-packages/cherrypy/_cprequest.py", line 62, in __call__
    return self.callback(**self.kwargs)
  File "/usr/local/lib/python2.7/dist-packages/cherrypy/_cptools.py", line 176, in _wrapper
    if self.callable(**kwargs):
  File "/usr/local/lib/python2.7/dist-packages/cherrypy/lib/static.py", line 296, in staticdir
    raise ValueError(msg)
ValueError: Static dir requires an absolute dir (or root).

[14/May/2013:13:03:51] HTTP Traceback (most recent call last):
  File "/usr/local/lib/python2.7/dist-packages/cherrypy/_cprequest.py", line 653, in respond
    self.hooks.run('before_handler')
  File "/usr/local/lib/python2.7/dist-packages/cherrypy/_cprequest.py", line 112, in run
    raise exc
ValueError: Static dir requires an absolute dir (or root).

[14/May/2013:13:03:51] HTTP 
Request Headers:
  HOST: 192.168.50.118
  CONNECTION: keep-alive
  CACHE-CONTROL: max-age=0
  Remote-Addr: 192.168.50.118
  ACCEPT: text/html,application/xhtml+xml,application/xml;q=0.9,*/*;q=0.8
  ACCEPT-CHARSET: ISO-8859-1,utf-8;q=0.7,*;q=0.3
  USER-AGENT: Mozilla/5.0 (X11; Linux x86_64) AppleWebKit/537.4 (KHTML, like Gecko) Ubuntu/12.10 Chromium/22.0.1229.94 Chrome/22.0.1229.94 Safari/537.4
  IF-MODIFIED-SINCE: Tue, 14 May 2013 10:34:50 GMT
  ACCEPT-LANGUAGE: en-GB,en-US;q=0.8,en;q=0.6
  ACCEPT-ENCODING: gzip,deflate,sdch
[14/May/2013:13:04:14]  Traceback (most recent call last):
  File "/usr/local/lib/python2.7/dist-packages/cherrypy/_cprequest.py", line 102, in run
    hook()
  File "/usr/local/lib/python2.7/dist-packages/cherrypy/_cprequest.py", line 62, in __call__
    return self.callback(**self.kwargs)
  File "/usr/local/lib/python2.7/dist-packages/cherrypy/_cptools.py", line 176, in _wrapper
    if self.callable(**kwargs):
  File "/usr/local/lib/python2.7/dist-packages/cherrypy/lib/static.py", line 296, in staticdir
    raise ValueError(msg)
ValueError: Static dir requires an absolute dir (or root).

[14/May/2013:13:04:14] HTTP Traceback (most recent call last):
  File "/usr/local/lib/python2.7/dist-packages/cherrypy/_cprequest.py", line 653, in respond
    self.hooks.run('before_handler')
  File "/usr/local/lib/python2.7/dist-packages/cherrypy/_cprequest.py", line 112, in run
    raise exc
ValueError: Static dir requires an absolute dir (or root).

[14/May/2013:13:04:14] HTTP 
Request Headers:
  HOST: 192.168.50.118
  CONNECTION: keep-alive
  CACHE-CONTROL: max-age=0
  Remote-Addr: 192.168.50.118
  ACCEPT: text/html,application/xhtml+xml,application/xml;q=0.9,*/*;q=0.8
  ACCEPT-CHARSET: ISO-8859-1,utf-8;q=0.7,*;q=0.3
  USER-AGENT: Mozilla/5.0 (X11; Linux x86_64) AppleWebKit/537.4 (KHTML, like Gecko) Ubuntu/12.10 Chromium/22.0.1229.94 Chrome/22.0.1229.94 Safari/537.4
  ACCEPT-LANGUAGE: en-GB,en-US;q=0.8,en;q=0.6
  ACCEPT-ENCODING: gzip,deflate,sdch
[14/May/2013:13:04:22] ENGINE Restarting because cherrypy.conf changed.
[14/May/2013:13:04:22] ENGINE Stopped thread 'Autoreloader'.
[14/May/2013:13:04:22] ENGINE Bus STOPPING
[14/May/2013:13:04:23]  Traceback (most recent call last):
  File "/usr/local/lib/python2.7/dist-packages/cherrypy/_cprequest.py", line 102, in run
    hook()
  File "/usr/local/lib/python2.7/dist-packages/cherrypy/_cprequest.py", line 62, in __call__
    return self.callback(**self.kwargs)
  File "/usr/local/lib/python2.7/dist-packages/cherrypy/_cptools.py", line 176, in _wrapper
    if self.callable(**kwargs):
  File "/usr/local/lib/python2.7/dist-packages/cherrypy/lib/static.py", line 296, in staticdir
    raise ValueError(msg)
ValueError: Static dir requires an absolute dir (or root).

[14/May/2013:13:04:23] HTTP Traceback (most recent call last):
  File "/usr/local/lib/python2.7/dist-packages/cherrypy/_cprequest.py", line 653, in respond
    self.hooks.run('before_handler')
  File "/usr/local/lib/python2.7/dist-packages/cherrypy/_cprequest.py", line 112, in run
    raise exc
ValueError: Static dir requires an absolute dir (or root).

[14/May/2013:13:04:23] HTTP 
Request Headers:
  HOST: 192.168.50.118
  CONNECTION: keep-alive
  CACHE-CONTROL: max-age=0
  Remote-Addr: 192.168.50.118
  ACCEPT: text/html,application/xhtml+xml,application/xml;q=0.9,*/*;q=0.8
  ACCEPT-CHARSET: ISO-8859-1,utf-8;q=0.7,*;q=0.3
  USER-AGENT: Mozilla/5.0 (X11; Linux x86_64) AppleWebKit/537.4 (KHTML, like Gecko) Ubuntu/12.10 Chromium/22.0.1229.94 Chrome/22.0.1229.94 Safari/537.4
  ACCEPT-LANGUAGE: en-GB,en-US;q=0.8,en;q=0.6
  ACCEPT-ENCODING: gzip,deflate,sdch
[14/May/2013:13:04:24]  Traceback (most recent call last):
  File "/usr/local/lib/python2.7/dist-packages/cherrypy/_cprequest.py", line 102, in run
    hook()
  File "/usr/local/lib/python2.7/dist-packages/cherrypy/_cprequest.py", line 62, in __call__
    return self.callback(**self.kwargs)
  File "/usr/local/lib/python2.7/dist-packages/cherrypy/_cptools.py", line 176, in _wrapper
    if self.callable(**kwargs):
  File "/usr/local/lib/python2.7/dist-packages/cherrypy/lib/static.py", line 296, in staticdir
    raise ValueError(msg)
ValueError: Static dir requires an absolute dir (or root).

[14/May/2013:13:04:24] HTTP Traceback (most recent call last):
  File "/usr/local/lib/python2.7/dist-packages/cherrypy/_cprequest.py", line 653, in respond
    self.hooks.run('before_handler')
  File "/usr/local/lib/python2.7/dist-packages/cherrypy/_cprequest.py", line 112, in run
    raise exc
ValueError: Static dir requires an absolute dir (or root).

[14/May/2013:13:04:24] HTTP 
Request Headers:
  HOST: 192.168.50.118
  CONNECTION: keep-alive
  CACHE-CONTROL: max-age=0
  Remote-Addr: 192.168.50.118
  ACCEPT: text/html,application/xhtml+xml,application/xml;q=0.9,*/*;q=0.8
  ACCEPT-CHARSET: ISO-8859-1,utf-8;q=0.7,*;q=0.3
  USER-AGENT: Mozilla/5.0 (X11; Linux x86_64) AppleWebKit/537.4 (KHTML, like Gecko) Ubuntu/12.10 Chromium/22.0.1229.94 Chrome/22.0.1229.94 Safari/537.4
  ACCEPT-LANGUAGE: en-GB,en-US;q=0.8,en;q=0.6
  ACCEPT-ENCODING: gzip,deflate,sdch
[14/May/2013:13:04:25]  Traceback (most recent call last):
  File "/usr/local/lib/python2.7/dist-packages/cherrypy/_cprequest.py", line 102, in run
    hook()
  File "/usr/local/lib/python2.7/dist-packages/cherrypy/_cprequest.py", line 62, in __call__
    return self.callback(**self.kwargs)
  File "/usr/local/lib/python2.7/dist-packages/cherrypy/_cptools.py", line 176, in _wrapper
    if self.callable(**kwargs):
  File "/usr/local/lib/python2.7/dist-packages/cherrypy/lib/static.py", line 296, in staticdir
    raise ValueError(msg)
ValueError: Static dir requires an absolute dir (or root).

[14/May/2013:13:04:25] HTTP Traceback (most recent call last):
  File "/usr/local/lib/python2.7/dist-packages/cherrypy/_cprequest.py", line 653, in respond
    self.hooks.run('before_handler')
  File "/usr/local/lib/python2.7/dist-packages/cherrypy/_cprequest.py", line 112, in run
    raise exc
ValueError: Static dir requires an absolute dir (or root).

[14/May/2013:13:04:25] HTTP 
Request Headers:
  HOST: 192.168.50.118
  CONNECTION: keep-alive
  CACHE-CONTROL: max-age=0
  Remote-Addr: 192.168.50.118
  ACCEPT: text/html,application/xhtml+xml,application/xml;q=0.9,*/*;q=0.8
  ACCEPT-CHARSET: ISO-8859-1,utf-8;q=0.7,*;q=0.3
  USER-AGENT: Mozilla/5.0 (X11; Linux x86_64) AppleWebKit/537.4 (KHTML, like Gecko) Ubuntu/12.10 Chromium/22.0.1229.94 Chrome/22.0.1229.94 Safari/537.4
  ACCEPT-LANGUAGE: en-GB,en-US;q=0.8,en;q=0.6
  ACCEPT-ENCODING: gzip,deflate,sdch
[14/May/2013:13:04:27] ENGINE HTTP Server cherrypy._cpwsgi_server.CPWSGIServer(('0.0.0.0', 80)) shut down
[14/May/2013:13:04:27] ENGINE Stopped thread '_TimeoutMonitor'.
[14/May/2013:13:04:27] ENGINE Bus STOPPED
[14/May/2013:13:04:27] ENGINE Bus EXITING
[14/May/2013:13:04:27] ENGINE Bus EXITED
[14/May/2013:13:04:27] ENGINE Waiting for child threads to terminate...
[14/May/2013:13:04:27] ENGINE Re-spawning hello.py
[14/May/2013:13:04:27] ENGINE Listening for SIGHUP.
[14/May/2013:13:04:27] ENGINE Listening for SIGTERM.
[14/May/2013:13:04:27] ENGINE Listening for SIGUSR1.
[14/May/2013:13:04:27] ENGINE Bus STARTING
[14/May/2013:13:04:27] ENGINE Started monitor thread 'Autoreloader'.
[14/May/2013:13:04:27] ENGINE Started monitor thread '_TimeoutMonitor'.
[14/May/2013:13:04:27] ENGINE Serving on 0.0.0.0:80
[14/May/2013:13:04:27] ENGINE Bus STARTED
[14/May/2013:13:04:36] ENGINE Restarting because cherrypy.conf changed.
[14/May/2013:13:04:36] ENGINE Stopped thread 'Autoreloader'.
[14/May/2013:13:04:36] ENGINE Bus STOPPING
[14/May/2013:13:04:36] ENGINE HTTP Server cherrypy._cpwsgi_server.CPWSGIServer(('0.0.0.0', 80)) shut down
[14/May/2013:13:04:36] ENGINE Stopped thread '_TimeoutMonitor'.
[14/May/2013:13:04:36] ENGINE Bus STOPPED
[14/May/2013:13:04:36] ENGINE Bus EXITING
[14/May/2013:13:04:36] ENGINE Bus EXITED
[14/May/2013:13:04:37] ENGINE Waiting for child threads to terminate...
[14/May/2013:13:04:37] ENGINE Re-spawning hello.py
[14/May/2013:13:04:37] ENGINE Listening for SIGHUP.
[14/May/2013:13:04:37] ENGINE Listening for SIGTERM.
[14/May/2013:13:04:37] ENGINE Listening for SIGUSR1.
[14/May/2013:13:04:37] ENGINE Bus STARTING
[14/May/2013:13:04:37] ENGINE Started monitor thread 'Autoreloader'.
[14/May/2013:13:04:37] ENGINE Started monitor thread '_TimeoutMonitor'.
[14/May/2013:13:04:37] ENGINE Serving on 0.0.0.0:80
[14/May/2013:13:04:37] ENGINE Bus STARTED
[14/May/2013:13:05:37] ENGINE Restarting because cherrypy.conf changed.
[14/May/2013:13:05:37] ENGINE Stopped thread 'Autoreloader'.
[14/May/2013:13:05:37] ENGINE Bus STOPPING
[14/May/2013:13:05:37] ENGINE HTTP Server cherrypy._cpwsgi_server.CPWSGIServer(('0.0.0.0', 80)) shut down
[14/May/2013:13:05:37] ENGINE Stopped thread '_TimeoutMonitor'.
[14/May/2013:13:05:37] ENGINE Bus STOPPED
[14/May/2013:13:05:37] ENGINE Bus EXITING
[14/May/2013:13:05:37] ENGINE Bus EXITED
[14/May/2013:13:05:37] ENGINE Waiting for child threads to terminate...
[14/May/2013:13:05:37] ENGINE Re-spawning hello.py
[14/May/2013:13:08:39] ENGINE Listening for SIGHUP.
[14/May/2013:13:08:39] ENGINE Listening for SIGTERM.
[14/May/2013:13:08:39] ENGINE Listening for SIGUSR1.
[14/May/2013:13:08:39] ENGINE Bus STARTING
[14/May/2013:13:08:39] ENGINE Started monitor thread 'Autoreloader'.
[14/May/2013:13:08:39] ENGINE Started monitor thread '_TimeoutMonitor'.
[14/May/2013:13:08:39] ENGINE Error in HTTP server: shutting down
Traceback (most recent call last):
  File "/usr/local/lib/python2.7/dist-packages/cherrypy/process/servers.py", line 187, in _start_http_thread
    self.httpserver.start()
  File "/usr/local/lib/python2.7/dist-packages/cherrypy/wsgiserver/wsgiserver2.py", line 1824, in start
    raise socket.error(msg)
error: No socket could be created

[14/May/2013:13:08:39] ENGINE Bus STOPPING
[14/May/2013:13:08:39] ENGINE HTTP Server cherrypy._cpwsgi_server.CPWSGIServer(('0.0.0.0', 80)) already shut down
[14/May/2013:13:08:39] ENGINE Stopped thread 'Autoreloader'.
[14/May/2013:13:08:39] ENGINE Stopped thread '_TimeoutMonitor'.
[14/May/2013:13:08:39] ENGINE Bus STOPPED
[14/May/2013:13:08:39] ENGINE Bus EXITING
[14/May/2013:13:08:39] ENGINE Bus EXITED
[14/May/2013:13:08:42] ENGINE Listening for SIGHUP.
[14/May/2013:13:08:42] ENGINE Listening for SIGTERM.
[14/May/2013:13:08:42] ENGINE Listening for SIGUSR1.
[14/May/2013:13:08:42] ENGINE Bus STARTING
[14/May/2013:13:08:42] ENGINE Started monitor thread 'Autoreloader'.
[14/May/2013:13:08:42] ENGINE Started monitor thread '_TimeoutMonitor'.
[14/May/2013:13:08:42] ENGINE Serving on 0.0.0.0:80
[14/May/2013:13:08:42] ENGINE Bus STARTED
[14/May/2013:13:12:44] ENGINE Restarting because cherrypy.conf changed.
[14/May/2013:13:12:44] ENGINE Stopped thread 'Autoreloader'.
[14/May/2013:13:12:44] ENGINE Bus STOPPING
[14/May/2013:13:12:44] ENGINE HTTP Server cherrypy._cpwsgi_server.CPWSGIServer(('0.0.0.0', 80)) shut down
[14/May/2013:13:12:44] ENGINE Stopped thread '_TimeoutMonitor'.
[14/May/2013:13:12:44] ENGINE Bus STOPPED
[14/May/2013:13:12:44] ENGINE Bus EXITING
[14/May/2013:13:12:44] ENGINE Bus EXITED
[14/May/2013:13:12:44] ENGINE Waiting for child threads to terminate...
[14/May/2013:13:12:44] ENGINE Re-spawning hello.py
[14/May/2013:13:12:45] ENGINE Listening for SIGHUP.
[14/May/2013:13:12:45] ENGINE Listening for SIGTERM.
[14/May/2013:13:12:45] ENGINE Listening for SIGUSR1.
[14/May/2013:13:12:45] ENGINE Bus STARTING
[14/May/2013:13:12:45] ENGINE Started monitor thread 'Autoreloader'.
[14/May/2013:13:12:45] ENGINE Started monitor thread '_TimeoutMonitor'.
[14/May/2013:13:12:45] ENGINE Serving on 0.0.0.0:80
[14/May/2013:13:12:45] ENGINE Bus STARTED
[14/May/2013:13:13:02]  Traceback (most recent call last):
  File "/usr/local/lib/python2.7/dist-packages/cherrypy/_cprequest.py", line 102, in run
    hook()
  File "/usr/local/lib/python2.7/dist-packages/cherrypy/_cprequest.py", line 62, in __call__
    return self.callback(**self.kwargs)
  File "/usr/local/lib/python2.7/dist-packages/cherrypy/_cptools.py", line 176, in _wrapper
    if self.callable(**kwargs):
  File "/usr/local/lib/python2.7/dist-packages/cherrypy/lib/static.py", line 360, in staticfile
    raise ValueError(msg)
ValueError: Static tool requires an absolute filename (got 'static/favicon.png').

[14/May/2013:13:13:02] HTTP Traceback (most recent call last):
  File "/usr/local/lib/python2.7/dist-packages/cherrypy/_cprequest.py", line 653, in respond
    self.hooks.run('before_handler')
  File "/usr/local/lib/python2.7/dist-packages/cherrypy/_cprequest.py", line 112, in run
    raise exc
ValueError: Static tool requires an absolute filename (got 'static/favicon.png').

[14/May/2013:13:13:02] HTTP 
Request Headers:
  HOST: 192.168.50.118
  CONNECTION: keep-alive
  CACHE-CONTROL: max-age=0
  Remote-Addr: 192.168.50.118
  ACCEPT: text/html,application/xhtml+xml,application/xml;q=0.9,*/*;q=0.8
  ACCEPT-CHARSET: ISO-8859-1,utf-8;q=0.7,*;q=0.3
  USER-AGENT: Mozilla/5.0 (X11; Linux x86_64) AppleWebKit/537.4 (KHTML, like Gecko) Ubuntu/12.10 Chromium/22.0.1229.94 Chrome/22.0.1229.94 Safari/537.4
  IF-MODIFIED-SINCE: Fri, 14 Oct 2011 00:37:54 GMT
  ACCEPT-LANGUAGE: en-GB,en-US;q=0.8,en;q=0.6
  ACCEPT-ENCODING: gzip,deflate,sdch
[14/May/2013:13:14:22] ENGINE Restarting because cherrypy.conf changed.
[14/May/2013:13:14:22] ENGINE Stopped thread 'Autoreloader'.
[14/May/2013:13:14:22] ENGINE Bus STOPPING
[14/May/2013:13:14:22] ENGINE HTTP Server cherrypy._cpwsgi_server.CPWSGIServer(('0.0.0.0', 80)) shut down
[14/May/2013:13:14:22] ENGINE Stopped thread '_TimeoutMonitor'.
[14/May/2013:13:14:22] ENGINE Bus STOPPED
[14/May/2013:13:14:22] ENGINE Bus EXITING
[14/May/2013:13:14:22] ENGINE Bus EXITED
[14/May/2013:13:14:22] ENGINE Waiting for child threads to terminate...
[14/May/2013:13:14:22] ENGINE Re-spawning hello.py
[14/May/2013:13:24:09] ENGINE Listening for SIGHUP.
[14/May/2013:13:24:09] ENGINE Listening for SIGTERM.
[14/May/2013:13:24:09] ENGINE Listening for SIGUSR1.
[14/May/2013:13:24:09] ENGINE Bus STARTING
[14/May/2013:13:24:09] ENGINE Started monitor thread 'Autoreloader'.
[14/May/2013:13:24:09] ENGINE Started monitor thread '_TimeoutMonitor'.
[14/May/2013:13:24:09] ENGINE Error in HTTP server: shutting down
Traceback (most recent call last):
  File "/usr/local/lib/python2.7/dist-packages/cherrypy/process/servers.py", line 187, in _start_http_thread
    self.httpserver.start()
  File "/usr/local/lib/python2.7/dist-packages/cherrypy/wsgiserver/wsgiserver2.py", line 1824, in start
    raise socket.error(msg)
error: No socket could be created

[14/May/2013:13:24:09] ENGINE Bus STOPPING
[14/May/2013:13:24:09] ENGINE HTTP Server cherrypy._cpwsgi_server.CPWSGIServer(('0.0.0.0', 80)) already shut down
[14/May/2013:13:24:09] ENGINE Stopped thread 'Autoreloader'.
[14/May/2013:13:24:09] ENGINE Stopped thread '_TimeoutMonitor'.
[14/May/2013:13:24:09] ENGINE Bus STOPPED
[14/May/2013:13:24:09] ENGINE Bus EXITING
[14/May/2013:13:24:09] ENGINE Bus EXITED
[14/May/2013:13:24:17] ENGINE Listening for SIGHUP.
[14/May/2013:13:24:17] ENGINE Listening for SIGTERM.
[14/May/2013:13:24:17] ENGINE Listening for SIGUSR1.
[14/May/2013:13:24:17] ENGINE Bus STARTING
[14/May/2013:13:24:17] ENGINE Started monitor thread 'Autoreloader'.
[14/May/2013:13:24:17] ENGINE Started monitor thread '_TimeoutMonitor'.
[14/May/2013:13:24:17] ENGINE Serving on 0.0.0.0:80
[14/May/2013:13:24:17] ENGINE Bus STARTED
[14/May/2013:13:24:18] ENGINE Keyboard Interrupt: shutting down bus
[14/May/2013:13:24:18] ENGINE Bus STOPPING
[14/May/2013:13:24:18] ENGINE HTTP Server cherrypy._cpwsgi_server.CPWSGIServer(('0.0.0.0', 80)) shut down
[14/May/2013:13:24:18] ENGINE Stopped thread '_TimeoutMonitor'.
[14/May/2013:13:24:18] ENGINE Stopped thread 'Autoreloader'.
[14/May/2013:13:24:18] ENGINE Bus STOPPED
[14/May/2013:13:24:18] ENGINE Bus EXITING
[14/May/2013:13:24:18] ENGINE Bus EXITED
[14/May/2013:13:24:18] ENGINE Waiting for child threads to terminate...
[14/May/2013:13:25:30] ENGINE Listening for SIGHUP.
[14/May/2013:13:25:30] ENGINE Listening for SIGTERM.
[14/May/2013:13:25:30] ENGINE Listening for SIGUSR1.
[14/May/2013:13:25:30] ENGINE Bus STARTING
[14/May/2013:13:25:30] ENGINE Started monitor thread 'Autoreloader'.
[14/May/2013:13:25:30] ENGINE Started monitor thread '_TimeoutMonitor'.
[14/May/2013:13:25:30] ENGINE Serving on 0.0.0.0:80
[14/May/2013:13:25:30] ENGINE Bus STARTED
[14/May/2013:13:25:59] ENGINE Keyboard Interrupt: shutting down bus
[14/May/2013:13:25:59] ENGINE Bus STOPPING
[14/May/2013:13:26:04] ENGINE HTTP Server cherrypy._cpwsgi_server.CPWSGIServer(('0.0.0.0', 80)) shut down
[14/May/2013:13:26:04] ENGINE Stopped thread '_TimeoutMonitor'.
[14/May/2013:13:26:04] ENGINE Stopped thread 'Autoreloader'.
[14/May/2013:13:26:04] ENGINE Bus STOPPED
[14/May/2013:13:26:04] ENGINE Bus EXITING
[14/May/2013:13:26:04] ENGINE Bus EXITED
[14/May/2013:13:26:04] ENGINE Waiting for child threads to terminate...
[14/May/2013:13:26:09] ENGINE Listening for SIGHUP.
[14/May/2013:13:26:09] ENGINE Listening for SIGTERM.
[14/May/2013:13:26:09] ENGINE Listening for SIGUSR1.
[14/May/2013:13:26:09] ENGINE Bus STARTING
[14/May/2013:13:26:09] ENGINE Started monitor thread 'Autoreloader'.
[14/May/2013:13:26:09] ENGINE Started monitor thread '_TimeoutMonitor'.
[14/May/2013:13:26:09] ENGINE Serving on 0.0.0.0:80
[14/May/2013:13:26:09] ENGINE Bus STARTED
[14/May/2013:13:28:42] ENGINE Keyboard Interrupt: shutting down bus
[14/May/2013:13:28:42] ENGINE Bus STOPPING
[14/May/2013:13:28:42] ENGINE HTTP Server cherrypy._cpwsgi_server.CPWSGIServer(('0.0.0.0', 80)) shut down
[14/May/2013:13:28:42] ENGINE Stopped thread '_TimeoutMonitor'.
[14/May/2013:13:28:42] ENGINE Stopped thread 'Autoreloader'.
[14/May/2013:13:28:42] ENGINE Bus STOPPED
[14/May/2013:13:28:42] ENGINE Bus EXITING
[14/May/2013:13:28:42] ENGINE Bus EXITED
[14/May/2013:13:28:42] ENGINE Waiting for child threads to terminate...
[14/May/2013:13:30:31] ENGINE Listening for SIGHUP.
[14/May/2013:13:30:31] ENGINE Listening for SIGTERM.
[14/May/2013:13:30:31] ENGINE Listening for SIGUSR1.
[14/May/2013:13:30:31] ENGINE Bus STARTING
[14/May/2013:13:30:31] ENGINE Started monitor thread 'Autoreloader'.
[14/May/2013:13:30:31] ENGINE Started monitor thread '_TimeoutMonitor'.
[14/May/2013:13:30:31] ENGINE Serving on 0.0.0.0:80
[14/May/2013:13:30:31] ENGINE Bus STARTED
[14/May/2013:13:33:02] ENGINE Restarting because /home/robert/squirtle/squiver/__init__.py changed.
[14/May/2013:13:33:02] ENGINE Stopped thread 'Autoreloader'.
[14/May/2013:13:33:02] ENGINE Bus STOPPING
[14/May/2013:13:33:02] ENGINE HTTP Server cherrypy._cpwsgi_server.CPWSGIServer(('0.0.0.0', 80)) shut down
[14/May/2013:13:33:02] ENGINE Stopped thread '_TimeoutMonitor'.
[14/May/2013:13:33:02] ENGINE Bus STOPPED
[14/May/2013:13:33:02] ENGINE Bus EXITING
[14/May/2013:13:33:02] ENGINE Bus EXITED
[14/May/2013:13:33:03] ENGINE Waiting for child threads to terminate...
[14/May/2013:13:33:03] ENGINE Re-spawning /usr/local/bin/cherryd -i squiver -c squiver/cherrypy.conf
[14/May/2013:13:34:47] ENGINE Listening for SIGHUP.
[14/May/2013:13:34:47] ENGINE Listening for SIGTERM.
[14/May/2013:13:34:47] ENGINE Listening for SIGUSR1.
[14/May/2013:13:34:47] ENGINE Bus STARTING
[14/May/2013:13:34:47] ENGINE Started monitor thread 'Autoreloader'.
[14/May/2013:13:34:47] ENGINE Started monitor thread '_TimeoutMonitor'.
[14/May/2013:13:34:47] ENGINE Error in HTTP server: shutting down
Traceback (most recent call last):
  File "/usr/local/lib/python2.7/dist-packages/cherrypy/process/servers.py", line 187, in _start_http_thread
    self.httpserver.start()
  File "/usr/local/lib/python2.7/dist-packages/cherrypy/wsgiserver/wsgiserver2.py", line 1824, in start
    raise socket.error(msg)
error: No socket could be created

[14/May/2013:13:34:47] ENGINE Bus STOPPING
[14/May/2013:13:34:47] ENGINE HTTP Server cherrypy._cpwsgi_server.CPWSGIServer(('0.0.0.0', 80)) already shut down
[14/May/2013:13:34:47] ENGINE Stopped thread '_TimeoutMonitor'.
[14/May/2013:13:34:47] ENGINE Stopped thread 'Autoreloader'.
[14/May/2013:13:34:47] ENGINE Bus STOPPED
[14/May/2013:13:34:47] ENGINE Bus EXITING
[14/May/2013:13:34:47] ENGINE Bus EXITED
[14/May/2013:13:34:53] ENGINE Listening for SIGHUP.
[14/May/2013:13:34:53] ENGINE Listening for SIGTERM.
[14/May/2013:13:34:53] ENGINE Listening for SIGUSR1.
[14/May/2013:13:34:53] ENGINE Bus STARTING
[14/May/2013:13:34:53] ENGINE Started monitor thread 'Autoreloader'.
[14/May/2013:13:34:53] ENGINE Started monitor thread '_TimeoutMonitor'.
[14/May/2013:13:34:54] ENGINE Serving on 0.0.0.0:80
[14/May/2013:13:34:54] ENGINE Bus STARTED
[14/May/2013:13:51:00] ENGINE Restarting because /home/robert/squirtle/squiver/__init__.py changed.
[14/May/2013:13:51:00] ENGINE Stopped thread 'Autoreloader'.
[14/May/2013:13:51:00] ENGINE Bus STOPPING
[14/May/2013:13:51:00] ENGINE HTTP Server cherrypy._cpwsgi_server.CPWSGIServer(('0.0.0.0', 80)) shut down
[14/May/2013:13:51:00] ENGINE Stopped thread '_TimeoutMonitor'.
[14/May/2013:13:51:00] ENGINE Bus STOPPED
[14/May/2013:13:51:00] ENGINE Bus EXITING
[14/May/2013:13:51:00] ENGINE Bus EXITED
[14/May/2013:13:51:00] ENGINE Waiting for child threads to terminate...
[14/May/2013:13:51:00] ENGINE Re-spawning __init__.py
[14/May/2013:13:53:41] ENGINE Listening for SIGHUP.
[14/May/2013:13:53:41] ENGINE Listening for SIGTERM.
[14/May/2013:13:53:41] ENGINE Listening for SIGUSR1.
[14/May/2013:13:53:41] ENGINE Bus STARTING
[14/May/2013:13:53:41] ENGINE Started monitor thread 'Autoreloader'.
[14/May/2013:13:53:41] ENGINE Started monitor thread '_TimeoutMonitor'.
[14/May/2013:13:53:41] ENGINE Serving on 0.0.0.0:80
[14/May/2013:13:53:41] ENGINE Bus STARTED
[14/May/2013:13:54:03] ENGINE Restarting because /home/robert/squirtle/squiver/__init__.py changed.
[14/May/2013:13:54:03] ENGINE Stopped thread 'Autoreloader'.
[14/May/2013:13:54:03] ENGINE Bus STOPPING
[14/May/2013:13:54:03] ENGINE HTTP Server cherrypy._cpwsgi_server.CPWSGIServer(('0.0.0.0', 80)) shut down
[14/May/2013:13:54:03] ENGINE Stopped thread '_TimeoutMonitor'.
[14/May/2013:13:54:03] ENGINE Bus STOPPED
[14/May/2013:13:54:03] ENGINE Bus EXITING
[14/May/2013:13:54:03] ENGINE Bus EXITED
[14/May/2013:13:54:03] ENGINE Waiting for child threads to terminate...
[14/May/2013:13:54:03] ENGINE Re-spawning __init__.py
[14/May/2013:13:54:03] ENGINE Listening for SIGHUP.
[14/May/2013:13:54:03] ENGINE Listening for SIGTERM.
[14/May/2013:13:54:03] ENGINE Listening for SIGUSR1.
[14/May/2013:13:54:03] ENGINE Bus STARTING
[14/May/2013:13:54:03] ENGINE Started monitor thread 'Autoreloader'.
[14/May/2013:13:54:03] ENGINE Started monitor thread '_TimeoutMonitor'.
[14/May/2013:13:54:03] ENGINE Serving on 0.0.0.0:80
[14/May/2013:13:54:03] ENGINE Bus STARTED
[14/May/2013:13:57:42] ENGINE Restarting because /home/robert/squirtle/squiver/__init__.py changed.
[14/May/2013:13:57:42] ENGINE Stopped thread 'Autoreloader'.
[14/May/2013:13:57:42] ENGINE Bus STOPPING
[14/May/2013:13:57:42] ENGINE HTTP Server cherrypy._cpwsgi_server.CPWSGIServer(('0.0.0.0', 80)) shut down
[14/May/2013:13:57:42] ENGINE Stopped thread '_TimeoutMonitor'.
[14/May/2013:13:57:42] ENGINE Bus STOPPED
[14/May/2013:13:57:42] ENGINE Bus EXITING
[14/May/2013:13:57:42] ENGINE Bus EXITED
[14/May/2013:13:57:42] ENGINE Waiting for child threads to terminate...
[14/May/2013:13:57:42] ENGINE Re-spawning __init__.py
[14/May/2013:13:57:42] ENGINE Listening for SIGHUP.
[14/May/2013:13:57:42] ENGINE Listening for SIGTERM.
[14/May/2013:13:57:42] ENGINE Listening for SIGUSR1.
[14/May/2013:13:57:42] ENGINE Bus STARTING
[14/May/2013:13:57:42] ENGINE Started monitor thread 'Autoreloader'.
[14/May/2013:13:57:42] ENGINE Started monitor thread '_TimeoutMonitor'.
[14/May/2013:13:57:42] ENGINE Serving on 0.0.0.0:80
[14/May/2013:13:57:42] ENGINE Bus STARTED
[14/May/2013:13:58:11] ENGINE Restarting because /home/robert/squirtle/squiver/__init__.py changed.
[14/May/2013:13:58:11] ENGINE Stopped thread 'Autoreloader'.
[14/May/2013:13:58:11] ENGINE Bus STOPPING
[14/May/2013:13:58:11] ENGINE HTTP Server cherrypy._cpwsgi_server.CPWSGIServer(('0.0.0.0', 80)) shut down
[14/May/2013:13:58:11] ENGINE Stopped thread '_TimeoutMonitor'.
[14/May/2013:13:58:11] ENGINE Bus STOPPED
[14/May/2013:13:58:11] ENGINE Bus EXITING
[14/May/2013:13:58:11] ENGINE Bus EXITED
[14/May/2013:13:58:12] ENGINE Waiting for child threads to terminate...
[14/May/2013:13:58:12] ENGINE Re-spawning __init__.py
[14/May/2013:13:58:12] ENGINE Listening for SIGHUP.
[14/May/2013:13:58:12] ENGINE Listening for SIGTERM.
[14/May/2013:13:58:12] ENGINE Listening for SIGUSR1.
[14/May/2013:13:58:12] ENGINE Bus STARTING
[14/May/2013:13:58:12] ENGINE Started monitor thread 'Autoreloader'.
[14/May/2013:13:58:12] ENGINE Started monitor thread '_TimeoutMonitor'.
[14/May/2013:13:58:12] ENGINE Serving on 0.0.0.0:80
[14/May/2013:13:58:12] ENGINE Bus STARTED
[14/May/2013:14:02:10] ENGINE Restarting because /home/robert/squirtle/squiver/__init__.py changed.
[14/May/2013:14:02:10] ENGINE Stopped thread 'Autoreloader'.
[14/May/2013:14:02:10] ENGINE Bus STOPPING
[14/May/2013:14:02:11] ENGINE HTTP Server cherrypy._cpwsgi_server.CPWSGIServer(('0.0.0.0', 80)) shut down
[14/May/2013:14:02:11] ENGINE Stopped thread '_TimeoutMonitor'.
[14/May/2013:14:02:11] ENGINE Bus STOPPED
[14/May/2013:14:02:11] ENGINE Bus EXITING
[14/May/2013:14:02:11] ENGINE Bus EXITED
[14/May/2013:14:02:11] ENGINE Waiting for child threads to terminate...
[14/May/2013:14:02:11] ENGINE Re-spawning __init__.py
[14/May/2013:14:02:11] ENGINE Listening for SIGHUP.
[14/May/2013:14:02:11] ENGINE Listening for SIGTERM.
[14/May/2013:14:02:11] ENGINE Listening for SIGUSR1.
[14/May/2013:14:02:11] ENGINE Bus STARTING
[14/May/2013:14:02:11] ENGINE Started monitor thread 'Autoreloader'.
[14/May/2013:14:02:11] ENGINE Started monitor thread '_TimeoutMonitor'.
[14/May/2013:14:02:11] ENGINE Serving on 0.0.0.0:80
[14/May/2013:14:02:11] ENGINE Bus STARTED
[14/May/2013:14:04:01] ENGINE Restarting because /home/robert/squirtle/squiver/__init__.py changed.
[14/May/2013:14:04:01] ENGINE Stopped thread 'Autoreloader'.
[14/May/2013:14:04:01] ENGINE Bus STOPPING
[14/May/2013:14:04:01] ENGINE HTTP Server cherrypy._cpwsgi_server.CPWSGIServer(('0.0.0.0', 80)) shut down
[14/May/2013:14:04:01] ENGINE Stopped thread '_TimeoutMonitor'.
[14/May/2013:14:04:01] ENGINE Bus STOPPED
[14/May/2013:14:04:01] ENGINE Bus EXITING
[14/May/2013:14:04:01] ENGINE Bus EXITED
[14/May/2013:14:04:01] ENGINE Waiting for child threads to terminate...
[14/May/2013:14:04:01] ENGINE Re-spawning __init__.py
[14/May/2013:14:04:02] ENGINE Listening for SIGHUP.
[14/May/2013:14:04:02] ENGINE Listening for SIGTERM.
[14/May/2013:14:04:02] ENGINE Listening for SIGUSR1.
[14/May/2013:14:04:02] ENGINE Bus STARTING
[14/May/2013:14:04:02] ENGINE Started monitor thread 'Autoreloader'.
[14/May/2013:14:04:02] ENGINE Started monitor thread '_TimeoutMonitor'.
[14/May/2013:14:04:02] ENGINE Serving on 0.0.0.0:80
[14/May/2013:14:04:02] ENGINE Bus STARTED
[14/May/2013:14:04:41] ENGINE Restarting because /home/robert/squirtle/squiver/__init__.py changed.
[14/May/2013:14:04:41] ENGINE Stopped thread 'Autoreloader'.
[14/May/2013:14:04:41] ENGINE Bus STOPPING
[14/May/2013:14:04:41] ENGINE HTTP Server cherrypy._cpwsgi_server.CPWSGIServer(('0.0.0.0', 80)) shut down
[14/May/2013:14:04:41] ENGINE Stopped thread '_TimeoutMonitor'.
[14/May/2013:14:04:41] ENGINE Bus STOPPED
[14/May/2013:14:04:41] ENGINE Bus EXITING
[14/May/2013:14:04:41] ENGINE Bus EXITED
[14/May/2013:14:04:41] ENGINE Waiting for child threads to terminate...
[14/May/2013:14:04:41] ENGINE Re-spawning __init__.py
[14/May/2013:14:04:41] ENGINE Listening for SIGHUP.
[14/May/2013:14:04:41] ENGINE Listening for SIGTERM.
[14/May/2013:14:04:41] ENGINE Listening for SIGUSR1.
[14/May/2013:14:04:41] ENGINE Bus STARTING
[14/May/2013:14:04:41] ENGINE Started monitor thread 'Autoreloader'.
[14/May/2013:14:04:41] ENGINE Started monitor thread '_TimeoutMonitor'.
[14/May/2013:14:04:41] ENGINE Serving on 0.0.0.0:80
[14/May/2013:14:04:41] ENGINE Bus STARTED
[14/May/2013:14:04:56] ENGINE Restarting because /home/robert/squirtle/squiver/__init__.py changed.
[14/May/2013:14:04:56] ENGINE Stopped thread 'Autoreloader'.
[14/May/2013:14:04:56] ENGINE Bus STOPPING
[14/May/2013:14:04:56] ENGINE HTTP Server cherrypy._cpwsgi_server.CPWSGIServer(('0.0.0.0', 80)) shut down
[14/May/2013:14:04:56] ENGINE Stopped thread '_TimeoutMonitor'.
[14/May/2013:14:04:56] ENGINE Bus STOPPED
[14/May/2013:14:04:56] ENGINE Bus EXITING
[14/May/2013:14:04:56] ENGINE Bus EXITED
[14/May/2013:14:04:57] ENGINE Waiting for child threads to terminate...
[14/May/2013:14:04:57] ENGINE Re-spawning __init__.py
[14/May/2013:14:04:57] ENGINE Listening for SIGHUP.
[14/May/2013:14:04:57] ENGINE Listening for SIGTERM.
[14/May/2013:14:04:57] ENGINE Listening for SIGUSR1.
[14/May/2013:14:04:57] ENGINE Bus STARTING
[14/May/2013:14:04:57] ENGINE Started monitor thread 'Autoreloader'.
[14/May/2013:14:04:57] ENGINE Started monitor thread '_TimeoutMonitor'.
[14/May/2013:14:04:57] ENGINE Serving on 0.0.0.0:80
[14/May/2013:14:04:57] ENGINE Bus STARTED
[14/May/2013:14:08:16] ENGINE Restarting because /home/robert/squirtle/squiver/__init__.py changed.
[14/May/2013:14:08:16] ENGINE Stopped thread 'Autoreloader'.
[14/May/2013:14:08:16] ENGINE Bus STOPPING
[14/May/2013:14:08:16] ENGINE HTTP Server cherrypy._cpwsgi_server.CPWSGIServer(('0.0.0.0', 80)) shut down
[14/May/2013:14:08:16] ENGINE Stopped thread '_TimeoutMonitor'.
[14/May/2013:14:08:16] ENGINE Bus STOPPED
[14/May/2013:14:08:16] ENGINE Bus EXITING
[14/May/2013:14:08:16] ENGINE Bus EXITED
[14/May/2013:14:08:16] ENGINE Waiting for child threads to terminate...
[14/May/2013:14:08:16] ENGINE Re-spawning __init__.py
[14/May/2013:14:27:29] ENGINE Listening for SIGHUP.
[14/May/2013:14:27:29] ENGINE Listening for SIGTERM.
[14/May/2013:14:27:29] ENGINE Listening for SIGUSR1.
[14/May/2013:14:27:29] ENGINE Bus STARTING
[14/May/2013:14:27:29] ENGINE Started monitor thread 'Autoreloader'.
[14/May/2013:14:27:29] ENGINE Started monitor thread '_TimeoutMonitor'.
[14/May/2013:14:27:29] ENGINE Error in HTTP server: shutting down
Traceback (most recent call last):
  File "/usr/local/lib/python2.7/dist-packages/cherrypy/process/servers.py", line 187, in _start_http_thread
    self.httpserver.start()
  File "/usr/local/lib/python2.7/dist-packages/cherrypy/wsgiserver/wsgiserver2.py", line 1824, in start
    raise socket.error(msg)
error: No socket could be created

[14/May/2013:14:27:29] ENGINE Error in 'start' listener <bound method Server.start of <cherrypy._cpserver.Server object at 0x200db10>>
Traceback (most recent call last):
  File "/usr/local/lib/python2.7/dist-packages/cherrypy/process/wspbus.py", line 197, in publish
    output.append(listener(*args, **kwargs))
  File "/usr/local/lib/python2.7/dist-packages/cherrypy/_cpserver.py", line 151, in start
    ServerAdapter.start(self)
  File "/usr/local/lib/python2.7/dist-packages/cherrypy/process/servers.py", line 174, in start
    self.wait()
  File "/usr/local/lib/python2.7/dist-packages/cherrypy/process/servers.py", line 208, in wait
    raise self.interrupt
error: No socket could be created

[14/May/2013:14:27:29] ENGINE Shutting down due to error in start listener:
Traceback (most recent call last):
  File "/usr/local/lib/python2.7/dist-packages/cherrypy/process/wspbus.py", line 235, in start
    self.publish('start')
  File "/usr/local/lib/python2.7/dist-packages/cherrypy/process/wspbus.py", line 215, in publish
    raise exc
ChannelFailures: error('No socket could be created',)

[14/May/2013:14:27:29] ENGINE Bus STOPPING
[14/May/2013:14:27:29] ENGINE Bus STOPPING
[14/May/2013:14:27:29] ENGINE HTTP Server cherrypy._cpwsgi_server.CPWSGIServer(('0.0.0.0', 80)) already shut down
[14/May/2013:14:27:29] ENGINE Stopped thread 'Autoreloader'.
[14/May/2013:14:27:29] ENGINE Stopped thread '_TimeoutMonitor'.
[14/May/2013:14:27:29] ENGINE Bus STOPPED
[14/May/2013:14:27:29] ENGINE Bus EXITING
[14/May/2013:14:27:29] ENGINE HTTP Server cherrypy._cpwsgi_server.CPWSGIServer(('0.0.0.0', 80)) already shut down
[14/May/2013:14:27:29] ENGINE Bus EXITED
[14/May/2013:14:27:41] ENGINE Listening for SIGHUP.
[14/May/2013:14:27:41] ENGINE Listening for SIGTERM.
[14/May/2013:14:27:41] ENGINE Listening for SIGUSR1.
[14/May/2013:14:27:41] ENGINE Bus STARTING
[14/May/2013:14:27:41] ENGINE Started monitor thread 'Autoreloader'.
[14/May/2013:14:27:41] ENGINE Started monitor thread '_TimeoutMonitor'.
[14/May/2013:14:27:41] ENGINE Serving on 0.0.0.0:80
[14/May/2013:14:27:41] ENGINE Bus STARTED
[14/May/2013:14:28:18] ENGINE Restarting because /home/robert/squirtle/webapp/app.py changed.
[14/May/2013:14:28:18] ENGINE Stopped thread 'Autoreloader'.
[14/May/2013:14:28:18] ENGINE Bus STOPPING
[14/May/2013:14:28:18] ENGINE HTTP Server cherrypy._cpwsgi_server.CPWSGIServer(('0.0.0.0', 80)) shut down
[14/May/2013:14:28:18] ENGINE Stopped thread '_TimeoutMonitor'.
[14/May/2013:14:28:18] ENGINE Bus STOPPED
[14/May/2013:14:28:18] ENGINE Bus EXITING
[14/May/2013:14:28:18] ENGINE Bus EXITED
[14/May/2013:14:28:18] ENGINE Waiting for child threads to terminate...
[14/May/2013:14:28:18] ENGINE Re-spawning app.py
[14/May/2013:14:28:18] ENGINE Listening for SIGHUP.
[14/May/2013:14:28:18] ENGINE Listening for SIGTERM.
[14/May/2013:14:28:18] ENGINE Listening for SIGUSR1.
[14/May/2013:14:28:18] ENGINE Bus STARTING
[14/May/2013:14:28:18] ENGINE Started monitor thread 'Autoreloader'.
[14/May/2013:14:28:18] ENGINE Started monitor thread '_TimeoutMonitor'.
[14/May/2013:14:28:18] ENGINE Serving on 0.0.0.0:80
[14/May/2013:14:28:18] ENGINE Bus STARTED
[14/May/2013:14:28:27] ENGINE Restarting because /home/robert/squirtle/webapp/app.py changed.
[14/May/2013:14:28:27] ENGINE Stopped thread 'Autoreloader'.
[14/May/2013:14:28:27] ENGINE Bus STOPPING
[14/May/2013:14:28:27] ENGINE HTTP Server cherrypy._cpwsgi_server.CPWSGIServer(('0.0.0.0', 80)) shut down
[14/May/2013:14:28:27] ENGINE Stopped thread '_TimeoutMonitor'.
[14/May/2013:14:28:27] ENGINE Bus STOPPED
[14/May/2013:14:28:27] ENGINE Bus EXITING
[14/May/2013:14:28:27] ENGINE Bus EXITED
[14/May/2013:14:28:27] ENGINE Waiting for child threads to terminate...
[14/May/2013:14:28:27] ENGINE Re-spawning app.py
[14/May/2013:14:28:27] ENGINE Listening for SIGHUP.
[14/May/2013:14:28:27] ENGINE Listening for SIGTERM.
[14/May/2013:14:28:27] ENGINE Listening for SIGUSR1.
[14/May/2013:14:28:27] ENGINE Bus STARTING
[14/May/2013:14:28:27] ENGINE Started monitor thread 'Autoreloader'.
[14/May/2013:14:28:27] ENGINE Started monitor thread '_TimeoutMonitor'.
[14/May/2013:14:28:28] ENGINE Serving on 0.0.0.0:80
[14/May/2013:14:28:28] ENGINE Bus STARTED
[14/May/2013:14:28:50] HTTP Traceback (most recent call last):
  File "/usr/local/lib/python2.7/dist-packages/cherrypy/_cprequest.py", line 656, in respond
    response.body = self.handler()
  File "/usr/local/lib/python2.7/dist-packages/cherrypy/lib/encoding.py", line 188, in __call__
    self.body = self.oldhandler(*args, **kwargs)
  File "/usr/local/lib/python2.7/dist-packages/cherrypy/_cpdispatch.py", line 34, in __call__
    return self.callable(*self.args, **self.kwargs)
  File "app.py", line 28, in jsonupdate
    body = simplejson.loads(rawbody)
NameError: global name 'simplejson' is not defined

[14/May/2013:14:28:50] HTTP 
Request Headers:
  Content-Length: 16
  REFERER: http://192.168.50.118/jsonform
  HOST: 192.168.50.118
  ORIGIN: http://192.168.50.118
  CONNECTION: keep-alive
  Remote-Addr: 192.168.50.118
  ACCEPT: text/plain, */*
  ACCEPT-CHARSET: ISO-8859-1,utf-8;q=0.7,*;q=0.3
  USER-AGENT: Mozilla/5.0 (X11; Linux x86_64) AppleWebKit/537.4 (KHTML, like Gecko) Ubuntu/12.10 Chromium/22.0.1229.94 Chrome/22.0.1229.94 Safari/537.4
  X-REQUESTED-WITH: XMLHttpRequest
  ACCEPT-LANGUAGE: en-GB,en-US;q=0.8,en;q=0.6
  Content-Type: application/json
  ACCEPT-ENCODING: gzip,deflate,sdch
[14/May/2013:14:29:24] ENGINE Restarting because /home/robert/squirtle/webapp/app.py changed.
[14/May/2013:14:29:24] ENGINE Stopped thread 'Autoreloader'.
[14/May/2013:14:29:24] ENGINE Bus STOPPING
[14/May/2013:14:29:24] ENGINE HTTP Server cherrypy._cpwsgi_server.CPWSGIServer(('0.0.0.0', 80)) shut down
[14/May/2013:14:29:24] ENGINE Stopped thread '_TimeoutMonitor'.
[14/May/2013:14:29:24] ENGINE Bus STOPPED
[14/May/2013:14:29:24] ENGINE Bus EXITING
[14/May/2013:14:29:24] ENGINE Bus EXITED
[14/May/2013:14:29:24] ENGINE Waiting for child threads to terminate...
[14/May/2013:14:29:24] ENGINE Re-spawning app.py
[14/May/2013:14:29:24] ENGINE Listening for SIGHUP.
[14/May/2013:14:29:24] ENGINE Listening for SIGTERM.
[14/May/2013:14:29:24] ENGINE Listening for SIGUSR1.
[14/May/2013:14:29:24] ENGINE Bus STARTING
[14/May/2013:14:29:24] ENGINE Started monitor thread 'Autoreloader'.
[14/May/2013:14:29:24] ENGINE Started monitor thread '_TimeoutMonitor'.
[14/May/2013:14:29:25] ENGINE Serving on 0.0.0.0:80
[14/May/2013:14:29:25] ENGINE Bus STARTED
[14/May/2013:14:31:23] ENGINE Restarting because /home/robert/squirtle/webapp/app.py changed.
[14/May/2013:14:31:23] ENGINE Stopped thread 'Autoreloader'.
[14/May/2013:14:31:23] ENGINE Bus STOPPING
[14/May/2013:14:31:23] ENGINE HTTP Server cherrypy._cpwsgi_server.CPWSGIServer(('0.0.0.0', 80)) shut down
[14/May/2013:14:31:23] ENGINE Stopped thread '_TimeoutMonitor'.
[14/May/2013:14:31:23] ENGINE Bus STOPPED
[14/May/2013:14:31:23] ENGINE Bus EXITING
[14/May/2013:14:31:23] ENGINE Bus EXITED
[14/May/2013:14:31:23] ENGINE Waiting for child threads to terminate...
[14/May/2013:14:31:23] ENGINE Re-spawning app.py
[14/May/2013:14:32:49] ENGINE Listening for SIGHUP.
[14/May/2013:14:32:49] ENGINE Listening for SIGTERM.
[14/May/2013:14:32:49] ENGINE Listening for SIGUSR1.
[14/May/2013:14:32:49] ENGINE Bus STARTING
[14/May/2013:14:32:49] ENGINE Started monitor thread 'Autoreloader'.
[14/May/2013:14:32:49] ENGINE Started monitor thread '_TimeoutMonitor'.
[14/May/2013:14:32:49] ENGINE Serving on 0.0.0.0:80
[14/May/2013:14:32:49] ENGINE Bus STARTED
[14/May/2013:15:22:07] ENGINE Restarting because /home/robert/squirtle/webapp/app.py changed.
[14/May/2013:15:22:07] ENGINE Stopped thread 'Autoreloader'.
[14/May/2013:15:22:07] ENGINE Bus STOPPING
[14/May/2013:15:22:07] ENGINE HTTP Server cherrypy._cpwsgi_server.CPWSGIServer(('0.0.0.0', 80)) shut down
[14/May/2013:15:22:07] ENGINE Stopped thread '_TimeoutMonitor'.
[14/May/2013:15:22:07] ENGINE Bus STOPPED
[14/May/2013:15:22:07] ENGINE Bus EXITING
[14/May/2013:15:22:07] ENGINE Bus EXITED
[14/May/2013:15:22:07] ENGINE Waiting for child threads to terminate...
[14/May/2013:15:22:07] ENGINE Re-spawning app.py
[14/May/2013:15:25:18] ENGINE Listening for SIGHUP.
[14/May/2013:15:25:18] ENGINE Listening for SIGTERM.
[14/May/2013:15:25:18] ENGINE Listening for SIGUSR1.
[14/May/2013:15:25:18] ENGINE Bus STARTING
[14/May/2013:15:25:18] ENGINE Started monitor thread 'Autoreloader'.
[14/May/2013:15:25:18] ENGINE Started monitor thread '_TimeoutMonitor'.
[14/May/2013:15:25:18] ENGINE Serving on 0.0.0.0:80
[14/May/2013:15:25:18] ENGINE Bus STARTED
[14/May/2013:15:45:50] ENGINE Restarting because /home/robert/squirtle/webapp/app.py changed.
[14/May/2013:15:45:50] ENGINE Stopped thread 'Autoreloader'.
[14/May/2013:15:45:50] ENGINE Bus STOPPING
[14/May/2013:15:45:50] ENGINE HTTP Server cherrypy._cpwsgi_server.CPWSGIServer(('0.0.0.0', 80)) shut down
[14/May/2013:15:45:50] ENGINE Stopped thread '_TimeoutMonitor'.
[14/May/2013:15:45:50] ENGINE Bus STOPPED
[14/May/2013:15:45:50] ENGINE Bus EXITING
[14/May/2013:15:45:50] ENGINE Bus EXITED
[14/May/2013:15:45:50] ENGINE Waiting for child threads to terminate...
[14/May/2013:15:45:50] ENGINE Re-spawning app.py
[14/May/2013:15:45:50] ENGINE Listening for SIGHUP.
[14/May/2013:15:45:50] ENGINE Listening for SIGTERM.
[14/May/2013:15:45:50] ENGINE Listening for SIGUSR1.
[14/May/2013:15:45:50] ENGINE Bus STARTING
[14/May/2013:15:45:50] ENGINE Started monitor thread 'Autoreloader'.
[14/May/2013:15:45:50] ENGINE Started monitor thread '_TimeoutMonitor'.
[14/May/2013:15:45:50] ENGINE Serving on 0.0.0.0:80
[14/May/2013:15:45:50] ENGINE Bus STARTED
